{"id":"172.18.95.107.tm155747619360100001","wasCommitted":true,"participants":[{"uri":"172.18.95.107.tm1","state":"COMMITTING","expires":1557476203651,"resourceName":"xadsone"}]}
{"id":"172.18.95.107.tm155747619360100001","wasCommitted":true,"participants":[{"uri":"172.18.95.107.tm1","state":"TERMINATED","expires":1557476203651,"resourceName":"xadsone"}]}
{"id":"172.18.95.107.tm155747619376100002","wasCommitted":true,"participants":[{"uri":"172.18.95.107.tm2","state":"COMMITTING","expires":1557476203671,"resourceName":"postgres"}]}
{"id":"172.18.95.107.tm155747619376100002","wasCommitted":true,"participants":[{"uri":"172.18.95.107.tm2","state":"TERMINATED","expires":1557476203671,"resourceName":"postgres"}]}
{"id":"172.18.95.107.tm155747620874300003","wasCommitted":true,"participants":[{"uri":"172.18.95.107.tm3","state":"COMMITTING","expires":1557476218815,"resourceName":"xadsone"},{"uri":"172.18.95.107.tm4","state":"COMMITTING","expires":1557476218815,"resourceName":"postgres"}]}
{"id":"172.18.95.107.tm155747620874300003","wasCommitted":true,"participants":[{"uri":"172.18.95.107.tm3","state":"TERMINATED","expires":1557476218935,"resourceName":"xadsone"},{"uri":"172.18.95.107.tm4","state":"TERMINATED","expires":1557476218935,"resourceName":"postgres"}]}
{"id":"172.18.95.107.tm155747620903600004","wasCommitted":true,"participants":[{"uri":"172.18.95.107.tm5","state":"COMMITTING","expires":1557476218939,"resourceName":"xadsone"}]}
{"id":"172.18.95.107.tm155747620903600004","wasCommitted":true,"participants":[{"uri":"172.18.95.107.tm5","state":"TERMINATED","expires":1557476218940,"resourceName":"xadsone"}]}
{"id":"172.18.95.107.tm155747620904000005","wasCommitted":true,"participants":[{"uri":"172.18.95.107.tm6","state":"COMMITTING","expires":1557476218942,"resourceName":"postgres"}]}
{"id":"172.18.95.107.tm155747620904000005","wasCommitted":true,"participants":[{"uri":"172.18.95.107.tm6","state":"TERMINATED","expires":1557476218943,"resourceName":"postgres"}]}
{"id":"172.18.95.107.tm155747621220000006","wasCommitted":true,"participants":[{"uri":"172.18.95.107.tm7","state":"COMMITTING","expires":1557476222160,"resourceName":"xadsone"}]}
{"id":"172.18.95.107.tm155747621220000006","wasCommitted":true,"participants":[{"uri":"172.18.95.107.tm7","state":"TERMINATED","expires":1557476222213,"resourceName":"xadsone"}]}
{"id":"172.18.95.107.tm155747621231300007","wasCommitted":true,"participants":[{"uri":"172.18.95.107.tm8","state":"COMMITTING","expires":1557476222218,"resourceName":"xadsone"}]}
{"id":"172.18.95.107.tm155747621231300007","wasCommitted":true,"participants":[{"uri":"172.18.95.107.tm8","state":"TERMINATED","expires":1557476222220,"resourceName":"xadsone"}]}
{"id":"172.18.95.107.tm155747621232000008","wasCommitted":true,"participants":[{"uri":"172.18.95.107.tm9","state":"COMMITTING","expires":1557476222224,"resourceName":"postgres"}]}
{"id":"172.18.95.107.tm155747621232000008","wasCommitted":true,"participants":[{"uri":"172.18.95.107.tm9","state":"TERMINATED","expires":1557476222224,"resourceName":"postgres"}]}
{"id":"172.18.95.107.tm155747621781300009","wasCommitted":true,"participants":[{"uri":"172.18.95.107.tm10","state":"COMMITTING","expires":1557476227719,"resourceName":"postgres"}]}
{"id":"172.18.95.107.tm155747621781300009","wasCommitted":true,"participants":[{"uri":"172.18.95.107.tm10","state":"TERMINATED","expires":1557476227720,"resourceName":"postgres"}]}
{"id":"172.18.95.107.tm155747621782100010","wasCommitted":true,"participants":[{"uri":"172.18.95.107.tm11","state":"COMMITTING","expires":1557476227724,"resourceName":"xadsone"}]}
{"id":"172.18.95.107.tm155747621782100010","wasCommitted":true,"participants":[{"uri":"172.18.95.107.tm11","state":"TERMINATED","expires":1557476227724,"resourceName":"xadsone"}]}
{"id":"172.18.95.107.tm155747621782500011","wasCommitted":true,"participants":[{"uri":"172.18.95.107.tm12","state":"COMMITTING","expires":1557476227728,"resourceName":"postgres"}]}
{"id":"172.18.95.107.tm155747621782500011","wasCommitted":true,"participants":[{"uri":"172.18.95.107.tm12","state":"TERMINATED","expires":1557476227728,"resourceName":"postgres"}]}
{"id":"172.18.95.107.tm155747622690500012","wasCommitted":true,"participants":[{"uri":"172.18.95.107.tm13","state":"COMMITTING","expires":1557476236901,"resourceName":"xadsone"},{"uri":"172.18.95.107.tm14","state":"COMMITTING","expires":1557476236901,"resourceName":"postgres"}]}
{"id":"172.18.95.107.tm155747622690500012","wasCommitted":true,"participants":[{"uri":"172.18.95.107.tm13","state":"TERMINATED","expires":1557476237025,"resourceName":"xadsone"},{"uri":"172.18.95.107.tm14","state":"TERMINATED","expires":1557476237025,"resourceName":"postgres"}]}
{"id":"172.18.95.107.tm155747622712500013","wasCommitted":true,"participants":[{"uri":"172.18.95.107.tm15","state":"COMMITTING","expires":1557476237029,"resourceName":"xadsone"}]}
{"id":"172.18.95.107.tm155747622712500013","wasCommitted":true,"participants":[{"uri":"172.18.95.107.tm15","state":"TERMINATED","expires":1557476237030,"resourceName":"xadsone"}]}
{"id":"172.18.95.107.tm155747622713000014","wasCommitted":true,"participants":[{"uri":"172.18.95.107.tm16","state":"COMMITTING","expires":1557476237032,"resourceName":"postgres"}]}
{"id":"172.18.95.107.tm155747622713000014","wasCommitted":true,"participants":[{"uri":"172.18.95.107.tm16","state":"TERMINATED","expires":1557476237032,"resourceName":"postgres"}]}
{"id":"172.18.95.107.tm155747623016600015","wasCommitted":true,"participants":[{"uri":"172.18.95.107.tm17","state":"COMMITTING","expires":1557476240069,"resourceName":"postgres"}]}
{"id":"172.18.95.107.tm155747623016600015","wasCommitted":true,"participants":[{"uri":"172.18.95.107.tm17","state":"TERMINATED","expires":1557476240070,"resourceName":"postgres"}]}
{"id":"172.18.95.107.tm155747623017000016","wasCommitted":true,"participants":[{"uri":"172.18.95.107.tm18","state":"COMMITTING","expires":1557476240076,"resourceName":"xadsone"}]}
{"id":"172.18.95.107.tm155747623017000016","wasCommitted":true,"participants":[{"uri":"172.18.95.107.tm18","state":"TERMINATED","expires":1557476240077,"resourceName":"xadsone"}]}
{"id":"172.18.95.107.tm155747623017700017","wasCommitted":true,"participants":[{"uri":"172.18.95.107.tm19","state":"COMMITTING","expires":1557476240080,"resourceName":"postgres"}]}
{"id":"172.18.95.107.tm155747623017700017","wasCommitted":true,"participants":[{"uri":"172.18.95.107.tm19","state":"TERMINATED","expires":1557476240080,"resourceName":"postgres"}]}
{"id":"172.18.95.107.tm155747623089600018","wasCommitted":true,"participants":[{"uri":"172.18.95.107.tm20","state":"COMMITTING","expires":1557476240800,"resourceName":"postgres"}]}
{"id":"172.18.95.107.tm155747623089600018","wasCommitted":true,"participants":[{"uri":"172.18.95.107.tm20","state":"TERMINATED","expires":1557476240801,"resourceName":"postgres"}]}
{"id":"172.18.95.107.tm155747623090100019","wasCommitted":true,"participants":[{"uri":"172.18.95.107.tm21","state":"COMMITTING","expires":1557476240804,"resourceName":"xadsone"}]}
{"id":"172.18.95.107.tm155747623090100019","wasCommitted":true,"participants":[{"uri":"172.18.95.107.tm21","state":"TERMINATED","expires":1557476240805,"resourceName":"xadsone"}]}
{"id":"172.18.95.107.tm155747623090500020","wasCommitted":true,"participants":[{"uri":"172.18.95.107.tm22","state":"COMMITTING","expires":1557476240806,"resourceName":"postgres"}]}
{"id":"172.18.95.107.tm155747623090500020","wasCommitted":true,"participants":[{"uri":"172.18.95.107.tm22","state":"TERMINATED","expires":1557476240807,"resourceName":"postgres"}]}
{"id":"172.18.95.107.tm155747623570000021","wasCommitted":false,"participants":[{"uri":"172.18.95.107.tm23","state":"TERMINATED","expires":1557476245607,"resourceName":"postgres"}]}
{"id":"172.18.95.107.tm155747624579500022","wasCommitted":true,"participants":[{"uri":"172.18.95.107.tm24","state":"COMMITTING","expires":1557476255699,"resourceName":"xadsone"}]}
{"id":"172.18.95.107.tm155747624579500022","wasCommitted":true,"participants":[{"uri":"172.18.95.107.tm24","state":"TERMINATED","expires":1557476255701,"resourceName":"xadsone"}]}
{"id":"172.18.95.107.tm155747624580100023","wasCommitted":true,"participants":[{"uri":"172.18.95.107.tm25","state":"COMMITTING","expires":1557476255703,"resourceName":"postgres"}]}
{"id":"172.18.95.107.tm155747624580100023","wasCommitted":true,"participants":[{"uri":"172.18.95.107.tm25","state":"TERMINATED","expires":1557476255703,"resourceName":"postgres"}]}
