{"id":"172.18.95.107.tm155773442239500002","wasCommitted":true,"participants":[{"uri":"172.18.95.107.tm1","state":"COMMITTING","expires":1557734432415,"resourceName":"xadsone"}]}
{"id":"172.18.95.107.tm155773442239500002","wasCommitted":true,"participants":[{"uri":"172.18.95.107.tm1","state":"TERMINATED","expires":1557734432417,"resourceName":"xadsone"}]}
{"id":"172.18.95.107.tm155773442251800004","wasCommitted":true,"participants":[{"uri":"172.18.95.107.tm2","state":"COMMITTING","expires":1557734432431,"resourceName":"postgres"}]}
{"id":"172.18.95.107.tm155773442251800004","wasCommitted":true,"participants":[{"uri":"172.18.95.107.tm2","state":"TERMINATED","expires":1557734432432,"resourceName":"postgres"}]}
{"id":"172.18.95.107.tm155773442760000006","wasCommitted":true,"participants":[{"uri":"172.18.95.107.tm3","state":"COMMITTING","expires":1557734437504,"resourceName":"xadsone"}]}
{"id":"172.18.95.107.tm155773442760000006","wasCommitted":true,"participants":[{"uri":"172.18.95.107.tm3","state":"TERMINATED","expires":1557734437504,"resourceName":"xadsone"}]}
{"id":"172.18.95.107.tm155773442760500008","wasCommitted":true,"participants":[{"uri":"172.18.95.107.tm4","state":"COMMITTING","expires":1557734437507,"resourceName":"postgres"}]}
{"id":"172.18.95.107.tm155773442760500008","wasCommitted":true,"participants":[{"uri":"172.18.95.107.tm4","state":"TERMINATED","expires":1557734437507,"resourceName":"postgres"}]}
{"id":"172.18.95.107.tm155773445772400009","wasCommitted":true,"participants":[{"uri":"172.18.95.107.tm5","state":"COMMITTING","expires":1557734467758,"resourceName":"xadsone"},{"uri":"172.18.95.107.tm6","state":"COMMITTING","expires":1557734467758,"resourceName":"postgres"}]}
{"id":"172.18.95.107.tm155773445772400009","wasCommitted":true,"participants":[{"uri":"172.18.95.107.tm5","state":"TERMINATED","expires":1557734467809,"resourceName":"xadsone"},{"uri":"172.18.95.107.tm6","state":"TERMINATED","expires":1557734467809,"resourceName":"postgres"}]}
{"id":"172.18.95.107.tm155773445790900010","wasCommitted":true,"participants":[{"uri":"172.18.95.107.tm7","state":"COMMITTING","expires":1557734467818,"resourceName":"xadsone"}]}
{"id":"172.18.95.107.tm155773445790900010","wasCommitted":true,"participants":[{"uri":"172.18.95.107.tm7","state":"TERMINATED","expires":1557734467819,"resourceName":"xadsone"}]}
{"id":"172.18.95.107.tm155773445791900011","wasCommitted":true,"participants":[{"uri":"172.18.95.107.tm8","state":"COMMITTING","expires":1557734467823,"resourceName":"postgres"}]}
{"id":"172.18.95.107.tm155773445791900011","wasCommitted":true,"participants":[{"uri":"172.18.95.107.tm8","state":"TERMINATED","expires":1557734467824,"resourceName":"postgres"}]}
{"id":"172.18.95.107.tm155773446657400012","wasCommitted":true,"participants":[{"uri":"172.18.95.107.tm9","state":"COMMITTING","expires":1557734476669,"resourceName":"xadsone"},{"uri":"172.18.95.107.tm10","state":"COMMITTING","expires":1557734476669,"resourceName":"postgres"}]}
{"id":"172.18.95.107.tm155773446657400012","wasCommitted":true,"participants":[{"uri":"172.18.95.107.tm9","state":"TERMINATED","expires":1557734476795,"resourceName":"xadsone"},{"uri":"172.18.95.107.tm10","state":"TERMINATED","expires":1557734476795,"resourceName":"postgres"}]}
{"id":"172.18.95.107.tm155773446689600013","wasCommitted":true,"participants":[{"uri":"172.18.95.107.tm11","state":"COMMITTING","expires":1557734476802,"resourceName":"xadsone"}]}
{"id":"172.18.95.107.tm155773446689600013","wasCommitted":true,"participants":[{"uri":"172.18.95.107.tm11","state":"TERMINATED","expires":1557734476803,"resourceName":"xadsone"}]}
{"id":"172.18.95.107.tm155773446690300014","wasCommitted":true,"participants":[{"uri":"172.18.95.107.tm12","state":"COMMITTING","expires":1557734476808,"resourceName":"postgres"}]}
{"id":"172.18.95.107.tm155773446690300014","wasCommitted":true,"participants":[{"uri":"172.18.95.107.tm12","state":"TERMINATED","expires":1557734476808,"resourceName":"postgres"}]}
{"id":"172.18.95.107.tm155773452494100015","wasCommitted":true,"participants":[{"uri":"172.18.95.107.tm13","state":"COMMITTING","expires":1557734534875,"resourceName":"xadsone"}]}
{"id":"172.18.95.107.tm155773452494100015","wasCommitted":true,"participants":[{"uri":"172.18.95.107.tm13","state":"TERMINATED","expires":1557734534928,"resourceName":"xadsone"}]}
{"id":"172.18.95.107.tm155773452502800016","wasCommitted":true,"participants":[{"uri":"172.18.95.107.tm14","state":"COMMITTING","expires":1557734534933,"resourceName":"xadsone"}]}
{"id":"172.18.95.107.tm155773452502800016","wasCommitted":true,"participants":[{"uri":"172.18.95.107.tm14","state":"TERMINATED","expires":1557734534934,"resourceName":"xadsone"}]}
{"id":"172.18.95.107.tm155773452503400017","wasCommitted":true,"participants":[{"uri":"172.18.95.107.tm15","state":"COMMITTING","expires":1557734534937,"resourceName":"postgres"}]}
{"id":"172.18.95.107.tm155773452503400017","wasCommitted":true,"participants":[{"uri":"172.18.95.107.tm15","state":"TERMINATED","expires":1557734534937,"resourceName":"postgres"}]}
{"id":"172.18.95.107.tm155773452632500018","wasCommitted":true,"participants":[{"uri":"172.18.95.107.tm16","state":"COMMITTING","expires":1557734536229,"resourceName":"postgres"}]}
{"id":"172.18.95.107.tm155773452632500018","wasCommitted":true,"participants":[{"uri":"172.18.95.107.tm16","state":"TERMINATED","expires":1557734536230,"resourceName":"postgres"}]}
{"id":"172.18.95.107.tm155773452633000019","wasCommitted":true,"participants":[{"uri":"172.18.95.107.tm17","state":"COMMITTING","expires":1557734536234,"resourceName":"xadsone"}]}
{"id":"172.18.95.107.tm155773452633000019","wasCommitted":true,"participants":[{"uri":"172.18.95.107.tm17","state":"TERMINATED","expires":1557734536234,"resourceName":"xadsone"}]}
{"id":"172.18.95.107.tm155773452633400020","wasCommitted":true,"participants":[{"uri":"172.18.95.107.tm18","state":"COMMITTING","expires":1557734536236,"resourceName":"postgres"}]}
{"id":"172.18.95.107.tm155773452633400020","wasCommitted":true,"participants":[{"uri":"172.18.95.107.tm18","state":"TERMINATED","expires":1557734536237,"resourceName":"postgres"}]}
{"id":"172.18.95.107.tm155773452706600021","wasCommitted":true,"participants":[{"uri":"172.18.95.107.tm19","state":"COMMITTING","expires":1557734536969,"resourceName":"xadsone"}]}
{"id":"172.18.95.107.tm155773452706600021","wasCommitted":true,"participants":[{"uri":"172.18.95.107.tm19","state":"TERMINATED","expires":1557734536970,"resourceName":"xadsone"}]}
